<?xml version="1.0" encoding="UTF-8"?><testrun name="UsuarioServiceText" project="controlefinanceiro" tests="5" started="5" failures="1" errors="0" ignored="0">
  <testsuite name="github.madeoliveira.controlefinanceiro.service.UsuarioServiceText" time="0.075">
    <testcase name="deveLancarErroQuandoNaoEncontrarUsuarioCadastrado" classname="github.madeoliveira.controlefinanceiro.service.UsuarioServiceText" time="0.048">
      <failure>java.lang.AssertionError: Expected exception: github.madeoliveira.controlefinanceiro.exceptions.ErroAutenticacao&#13;
	at org.junit.internal.runners.statements.ExpectException.evaluate(ExpectException.java:32)&#13;
	at org.junit.internal.runners.statements.RunBefores.evaluate(RunBefores.java:26)&#13;
	at org.springframework.test.context.junit4.statements.RunBeforeTestMethodCallbacks.evaluate(RunBeforeTestMethodCallbacks.java:75)&#13;
	at org.springframework.test.context.junit4.statements.RunAfterTestMethodCallbacks.evaluate(RunAfterTestMethodCallbacks.java:86)&#13;
	at org.springframework.test.context.junit4.statements.SpringRepeat.evaluate(SpringRepeat.java:84)&#13;
	at org.junit.runners.ParentRunner.runLeaf(ParentRunner.java:325)&#13;
	at org.springframework.test.context.junit4.SpringJUnit4ClassRunner.runChild(SpringJUnit4ClassRunner.java:251)&#13;
	at org.springframework.test.context.junit4.SpringJUnit4ClassRunner.runChild(SpringJUnit4ClassRunner.java:97)&#13;
	at org.junit.runners.ParentRunner$3.run(ParentRunner.java:290)&#13;
	at org.junit.runners.ParentRunner$1.schedule(ParentRunner.java:71)&#13;
	at org.junit.runners.ParentRunner.runChildren(ParentRunner.java:288)&#13;
	at org.junit.runners.ParentRunner.access$000(ParentRunner.java:58)&#13;
	at org.junit.runners.ParentRunner$2.evaluate(ParentRunner.java:268)&#13;
	at org.springframework.test.context.junit4.statements.RunBeforeTestClassCallbacks.evaluate(RunBeforeTestClassCallbacks.java:61)&#13;
	at org.springframework.test.context.junit4.statements.RunAfterTestClassCallbacks.evaluate(RunAfterTestClassCallbacks.java:70)&#13;
	at org.junit.runners.ParentRunner.run(ParentRunner.java:363)&#13;
	at org.springframework.test.context.junit4.SpringJUnit4ClassRunner.run(SpringJUnit4ClassRunner.java:190)&#13;
	at org.eclipse.jdt.internal.junit4.runner.JUnit4TestReference.run(JUnit4TestReference.java:93)&#13;
	at org.eclipse.jdt.internal.junit.runner.TestExecution.run(TestExecution.java:40)&#13;
	at org.eclipse.jdt.internal.junit.runner.RemoteTestRunner.runTests(RemoteTestRunner.java:529)&#13;
	at org.eclipse.jdt.internal.junit.runner.RemoteTestRunner.runTests(RemoteTestRunner.java:756)&#13;
	at org.eclipse.jdt.internal.junit.runner.RemoteTestRunner.run(RemoteTestRunner.java:452)&#13;
	at org.eclipse.jdt.internal.junit.runner.RemoteTestRunner.main(RemoteTestRunner.java:210)&#13;
&#13;
</failure>
    </testcase>
    <testcase name="deveValidarEmail" classname="github.madeoliveira.controlefinanceiro.service.UsuarioServiceText" time="0.005"/>
    <testcase name="deveLancarErroAoValidarEmailQuandoExistirEmailCadastrado" classname="github.madeoliveira.controlefinanceiro.service.UsuarioServiceText" time="0.004"/>
    <testcase name="deveLancarErroQuandoSenhaNÃ£oCorresponder" classname="github.madeoliveira.controlefinanceiro.service.UsuarioServiceText" time="0.005"/>
    <testcase name="deveAutenticarUmUsuarioComSucesso" classname="github.madeoliveira.controlefinanceiro.service.UsuarioServiceText" time="0.006"/>
  </testsuite>
</testrun>
